<?xml version="1.0" encoding="UTF-8"?>
<testsuite xmlns:xsi="http://www.w3.org/2001/XMLSchema-instance" xsi:noNamespaceSchemaLocation="https://maven.apache.org/surefire/maven-surefire-plugin/xsd/surefire-test-report-3.0.xsd" version="3.0" name="com.example.CalculatorTest$ComplexCalculations" time="0.003" tests="36" errors="0" skipped="0" failures="0">
  <properties>
[...]
</properties>
  <testcase name="testPowerNegativeExponent" classname="com.example.CalculatorTest" time="0.026">
    <system-out><![CDATA[Starting Calculator tests...
]]></system-out>
  </testcase>
  <testcase name="testIsOdd(int)[1]" classname="com.example.CalculatorTest" time="0.024"/>
  <testcase name="testIsOdd(int)[2]" classname="com.example.CalculatorTest" time="0.001"/>
  <testcase name="testIsOdd(int)[3]" classname="com.example.CalculatorTest" time="0.001"/>
  <testcase name="testIsOdd(int)[4]" classname="com.example.CalculatorTest" time="0.001"/>
  <testcase name="testIsOdd(int)[5]" classname="com.example.CalculatorTest" time="0.001"/>
  <testcase name="testIsOdd(int)[6]" classname="com.example.CalculatorTest" time="0.001"/>
  <testcase name="testIsOdd(int)[7]" classname="com.example.CalculatorTest" time="0.002"/>
  <testcase name="testPower(int, int, int)[1]" classname="com.example.CalculatorTest" time="0.004"/>
  <testcase name="testPower(int, int, int)[2]" classname="com.example.CalculatorTest" time="0.001"/>
  <testcase name="testPower(int, int, int)[3]" classname="com.example.CalculatorTest" time="0.001"/>
  <testcase name="testPower(int, int, int)[4]" classname="com.example.CalculatorTest" time="0.001"/>
  <testcase name="testAverage" classname="com.example.CalculatorTest" time="0.012"/>
  <testcase name="testIsPositive(int)[1]" classname="com.example.CalculatorTest" time="0.001"/>
  <testcase name="testIsPositive(int)[2]" classname="com.example.CalculatorTest" time="0.001"/>
  <testcase name="testIsPositive(int)[3]" classname="com.example.CalculatorTest" time="0.001"/>
  <testcase name="testIsPositive(int)[4]" classname="com.example.CalculatorTest" time="0.001"/>
  <testcase name="testIsPositive(int)[5]" classname="com.example.CalculatorTest" time="0"/>
  <testcase name="testFactorial" classname="com.example.CalculatorTest" time="0.001"/>
  <testcase name="testMultiplication" classname="com.example.CalculatorTest" time="0.001"/>
  <testcase name="testAddPositiveNumbers" classname="com.example.CalculatorTest" time="0.001"/>
  <testcase name="testAddNegativeNumbers" classname="com.example.CalculatorTest" time="0.001"/>
  <testcase name="testDivisionByZero" classname="com.example.CalculatorTest" time="0.001"/>
  <testcase name="testDivision" classname="com.example.CalculatorTest" time="0.001"/>
  <testcase name="testIsEven(int)[1]" classname="com.example.CalculatorTest" time="0.001"/>
  <testcase name="testIsEven(int)[2]" classname="com.example.CalculatorTest" time="0"/>
  <testcase name="testIsEven(int)[3]" classname="com.example.CalculatorTest" time="0.001"/>
  <testcase name="testIsEven(int)[4]" classname="com.example.CalculatorTest" time="0.001"/>
  <testcase name="testIsEven(int)[5]" classname="com.example.CalculatorTest" time="0"/>
  <testcase name="testIsEven(int)[6]" classname="com.example.CalculatorTest" time="0.001"/>
  <testcase name="testIsEven(int)[7]" classname="com.example.CalculatorTest" time="0"/>
  <testcase name="testIsEven(int)[8]" classname="com.example.CalculatorTest" time="0.001"/>
  <testcase name="testAverageNullList" classname="com.example.CalculatorTest" time="0.001"/>
  <testcase name="testFactorialNegative" classname="com.example.CalculatorTest" time="0.001"/>
  <testcase name="testSubtraction" classname="com.example.CalculatorTest" time="0.001"/>
  <testcase name="testChainCalculations" classname="com.example.CalculatorTest$ComplexCalculations" time="0.002"/>
</testsuite>